#
# There is insufficient memory for the Java Runtime Environment to continue.
# Native memory allocation (malloc) failed to allocate 1306096 bytes. Error detail: Chunk::new
# Possible reasons:
#   The system is out of physical RAM or swap space
#   This process is running with CompressedOops enabled, and the Java Heap may be blocking the growth of the native heap
# Possible solutions:
#   Reduce memory load on the system
#   Increase physical memory or swap space
#   Check if swap backing store is full
#   Decrease Java heap size (-Xmx/-Xms)
#   Decrease number of Java threads
#   Decrease Java thread stack sizes (-Xss)
#   Set larger code cache with -XX:ReservedCodeCacheSize=
#   JVM is running with Zero Based Compressed Oops mode in which the Java heap is
#     placed in the first 32GB address space. The Java Heap base address is the
#     maximum limit for the native heap growth. Please use -XX:HeapBaseMinAddress
#     to set the Java Heap base and to place the Java Heap above 32GB virtual address.
# This output file may be truncated or incomplete.
#
#  Out of Memory Error (arena.cpp:150), pid=22604, tid=23008
#
# JRE version: OpenJDK Runtime Environment (22.0+36) (build 22+36-2370)
# Java VM: OpenJDK 64-Bit Server VM (22+36-2370, mixed mode, sharing, tiered, compressed oops, compressed class ptrs, g1 gc, windows-amd64)
# No core dump will be written. Minidumps are not enabled by default on client versions of Windows
#

---------------  S U M M A R Y ------------

Command Line: -javaagent:C:\Program Files\JetBrains\IntelliJ IDEA Community Edition 2025.2.3\lib\idea_rt.jar=58807 -Dfile.encoding=UTF-8 -Dsun.stdout.encoding=UTF-8 -Dsun.stderr.encoding=UTF-8 com.donetype.springcrud_backend.SpringcrudBackendApplication

Host: 12th Gen Intel(R) Core(TM) i5-12500H, 16 cores, 15G,  Windows 11 , 64 bit Build 26100 (10.0.26100.6725)
Time: Sun Oct 26 12:01:05 2025 Hora estándar oeste, Sudamérica elapsed time: 2.598988 seconds (0d 0h 0m 2s)

---------------  T H R E A D  ---------------

Current thread (0x00000240c0ad9600):  JavaThread "C2 CompilerThread0" daemon [_thread_in_native, id=23008, stack(0x0000004631600000,0x0000004631700000) (1024K)]


Current CompileTask:
C2:2599 2313       4       java.lang.invoke.MethodType::methodType (69 bytes)

Stack: [0x0000004631600000,0x0000004631700000]
Native frames: (J=compiled Java code, j=interpreted, Vv=VM code, C=native code)
V  [jvm.dll+0x6e2349]  (no source info available)
V  [jvm.dll+0x874ed3]  (no source info available)
V  [jvm.dll+0x8772fe]  (no source info available)
V  [jvm.dll+0x8779d3]  (no source info available)
V  [jvm.dll+0x27fcb6]  (no source info available)
V  [jvm.dll+0xc3d0f]  (no source info available)
V  [jvm.dll+0xc3f6b]  (no source info available)
V  [jvm.dll+0x3bb022]  (no source info available)
V  [jvm.dll+0x1df86e]  (no source info available)
V  [jvm.dll+0x247a4c]  (no source info available)
V  [jvm.dll+0x246faf]  (no source info available)
V  [jvm.dll+0x1c4e90]  (no source info available)
V  [jvm.dll+0x25699e]  (no source info available)
V  [jvm.dll+0x254c5a]  (no source info available)
V  [jvm.dll+0x3f5426]  (no source info available)
V  [jvm.dll+0x81d50b]  (no source info available)
V  [jvm.dll+0x6e09e5]  (no source info available)
C  [ucrtbase.dll+0x37b0]  (no source info available)
C  [KERNEL32.DLL+0x2e8d7]  (no source info available)
C  [ntdll.dll+0x8c53c]  (no source info available)


---------------  P R O C E S S  ---------------

Threads class SMR info:
_java_thread_list=0x000002410854a920, length=17, elements={
0x000002409f1771e0, 0x00000240c0ac1230, 0x00000240c0ac1e90, 0x00000240c0ac6600,
0x00000240c0ac75b0, 0x00000240c0ad0970, 0x00000240c0ad1110, 0x00000240c0ad9600,
0x0000024106010090, 0x00000241060cb540, 0x00000241060db3b0, 0x000002410618df10,
0x000002410639d220, 0x000002410630bb60, 0x0000024106699900, 0x0000024106ec1140,
0x0000024106ec1800
}

Java Threads: ( => current thread )
  0x000002409f1771e0 JavaThread "main"                              [_thread_in_native, id=16944, stack(0x0000004630800000,0x0000004630900000) (1024K)]
  0x00000240c0ac1230 JavaThread "Reference Handler"          daemon [_thread_blocked, id=24412, stack(0x0000004631000000,0x0000004631100000) (1024K)]
  0x00000240c0ac1e90 JavaThread "Finalizer"                  daemon [_thread_blocked, id=31048, stack(0x0000004631100000,0x0000004631200000) (1024K)]
  0x00000240c0ac6600 JavaThread "Signal Dispatcher"          daemon [_thread_blocked, id=27364, stack(0x0000004631200000,0x0000004631300000) (1024K)]
  0x00000240c0ac75b0 JavaThread "Attach Listener"            daemon [_thread_blocked, id=23868, stack(0x0000004631300000,0x0000004631400000) (1024K)]
  0x00000240c0ad0970 JavaThread "Service Thread"             daemon [_thread_blocked, id=22944, stack(0x0000004631400000,0x0000004631500000) (1024K)]
  0x00000240c0ad1110 JavaThread "Monitor Deflation Thread"   daemon [_thread_blocked, id=16588, stack(0x0000004631500000,0x0000004631600000) (1024K)]
=>0x00000240c0ad9600 JavaThread "C2 CompilerThread0"         daemon [_thread_in_native, id=23008, stack(0x0000004631600000,0x0000004631700000) (1024K)]
  0x0000024106010090 JavaThread "C1 CompilerThread0"         daemon [_thread_blocked, id=21180, stack(0x0000004631700000,0x0000004631800000) (1024K)]
  0x00000241060cb540 JavaThread "C1 CompilerThread1"         daemon [_thread_blocked, id=27436, stack(0x0000004631800000,0x0000004631900000) (1024K)]
  0x00000241060db3b0 JavaThread "Common-Cleaner"             daemon [_thread_blocked, id=30880, stack(0x0000004631a00000,0x0000004631b00000) (1024K)]
  0x000002410618df10 JavaThread "C2 CompilerThread1"         daemon [_thread_in_native, id=28624, stack(0x0000004631b00000,0x0000004631c00000) (1024K)]
  0x000002410639d220 JavaThread "Monitor Ctrl-Break"         daemon [_thread_in_native, id=15008, stack(0x0000004631c00000,0x0000004631d00000) (1024K)]
  0x000002410630bb60 JavaThread "Notification Thread"        daemon [_thread_blocked, id=16508, stack(0x0000004631d00000,0x0000004631e00000) (1024K)]
  0x0000024106699900 JavaThread "C2 CompilerThread2"         daemon [_thread_blocked, id=17516, stack(0x0000004631f00000,0x0000004632000000) (1024K)]
  0x0000024106ec1140 JavaThread "C2 CompilerThread3"         daemon [_thread_blocked, id=16164, stack(0x0000004632500000,0x0000004632600000) (1024K)]
  0x0000024106ec1800 JavaThread "C2 CompilerThread4"         daemon [_thread_blocked, id=10448, stack(0x0000004632600000,0x0000004632700000) (1024K)]
Total: 17

Other Threads:
  0x00000240c0aa2930 VMThread "VM Thread"                           [id=3408, stack(0x0000004630f00000,0x0000004631000000) (1024K)]
  0x00000240c0a88a00 WatcherThread "VM Periodic Task Thread"        [id=28484, stack(0x0000004630e00000,0x0000004630f00000) (1024K)]
  0x000002409f1dfe50 WorkerThread "GC Thread#0"                     [id=15916, stack(0x0000004630900000,0x0000004630a00000) (1024K)]
  0x0000024106dce610 WorkerThread "GC Thread#1"                     [id=28068, stack(0x0000004632000000,0x0000004632100000) (1024K)]
  0x0000024106795e80 WorkerThread "GC Thread#2"                     [id=7948, stack(0x0000004632100000,0x0000004632200000) (1024K)]
  0x000002410672adb0 WorkerThread "GC Thread#3"                     [id=26028, stack(0x0000004632200000,0x0000004632300000) (1024K)]
  0x000002410672b160 WorkerThread "GC Thread#4"                     [id=6092, stack(0x0000004632300000,0x0000004632400000) (1024K)]
  0x000002410672b510 WorkerThread "GC Thread#5"                     [id=8564, stack(0x0000004632400000,0x0000004632500000) (1024K)]
  0x00000241070bdc40 WorkerThread "GC Thread#6"                     [id=28280, stack(0x0000004632700000,0x0000004632800000) (1024K)]
  0x00000241072f14a0 WorkerThread "GC Thread#7"                     [id=31476, stack(0x0000004632900000,0x0000004632a00000) (1024K)]
  0x00000241072f1850 WorkerThread "GC Thread#8"                     [id=26592, stack(0x0000004632a00000,0x0000004632b00000) (1024K)]
  0x00000241072f2410 WorkerThread "GC Thread#9"                     [id=31080, stack(0x0000004632b00000,0x0000004632c00000) (1024K)]
  0x00000241072f27c0 WorkerThread "GC Thread#10"                    [id=21092, stack(0x0000004632c00000,0x0000004632d00000) (1024K)]
  0x00000241072f3380 WorkerThread "GC Thread#11"                    [id=15068, stack(0x0000004632d00000,0x0000004632e00000) (1024K)]
  0x00000241072f3730 WorkerThread "GC Thread#12"                    [id=15004, stack(0x0000004632e00000,0x0000004632f00000) (1024K)]
  0x000002409f1f1e00 ConcurrentGCThread "G1 Main Marker"            [id=15224, stack(0x0000004630a00000,0x0000004630b00000) (1024K)]
  0x000002409f1f36d0 WorkerThread "G1 Conc#0"                       [id=7536, stack(0x0000004630b00000,0x0000004630c00000) (1024K)]
  0x00000240c095cbf0 ConcurrentGCThread "G1 Refine#0"               [id=13264, stack(0x0000004630c00000,0x0000004630d00000) (1024K)]
  0x00000240c095d520 ConcurrentGCThread "G1 Service"                [id=12452, stack(0x0000004630d00000,0x0000004630e00000) (1024K)]
Total: 19

Threads with active compile tasks:
C2 CompilerThread0  2674 2313       4       java.lang.invoke.MethodType::methodType (69 bytes)
C1 CompilerThread1  2674 2673       3       java.lang.Boolean::valueOf (14 bytes)
C2 CompilerThread1  2674 2473       4       java.lang.invoke.MethodType::makeImpl (109 bytes)
Total: 3

VM state: not at safepoint (normal execution)

VM Mutex/Monitor currently owned by a thread: None

Heap address: 0x0000000704800000, size: 4024 MB, Compressed Oops mode: Zero based, Oop shift amount: 3

CDS archive(s) mapped at: [0x00000240c1000000-0x00000240c1c50000-0x00000240c1c50000), size 12910592, SharedBaseAddress: 0x00000240c1000000, ArchiveRelocationMode: 1.
Compressed class space mapped at: 0x00000240c2000000-0x0000024102000000, reserved size: 1073741824
Narrow klass base: 0x00000240c1000000, Narrow klass shift: 0, Narrow klass range: 0x41000000

GC Precious Log:
 CardTable entry size: 512
 Card Set container configuration: InlinePtr #cards 4 size 8 Array Of Cards #cards 16 size 48 Howl #buckets 8 coarsen threshold 3686 Howl Bitmap #cards 512 size 80 coarsen threshold 460 Card regions per heap region 1 cards per card region 4096
 CPUs: 16 total, 16 available
 Memory: 16088M
 Large Page Support: Disabled
 NUMA Support: Disabled
 Compressed Oops: Enabled (Zero based)
 Heap Region Size: 2M
 Heap Min Capacity: 8M
 Heap Initial Capacity: 252M
 Heap Max Capacity: 4024M
 Pre-touch: Disabled
 Parallel Workers: 13
 Concurrent Workers: 3
 Concurrent Refinement Workers: 13
 Periodic GC: Disabled

Heap:
 garbage-first heap   total reserved 4120576K, committed 258048K, used 31297K [0x0000000704800000, 0x0000000800000000)
  region size 2048K, 12 young (24576K), 2 survivors (4096K)
 Metaspace       used 19878K, committed 20224K, reserved 1114112K
  class space    used 2468K, committed 2624K, reserved 1048576K

Heap Regions: E=young(eden), S=young(survivor), O=old, HS=humongous(starts), HC=humongous(continues), CS=collection set, F=free, TAMS=top-at-mark-start, PB=parsable bottom
|   0|0x0000000704800000, 0x0000000704a00000, 0x0000000704a00000|100%| O|  |TAMS 0x0000000704800000| PB 0x0000000704800000| Untracked |  0
|   1|0x0000000704a00000, 0x0000000704c00000, 0x0000000704c00000|100%| O|  |TAMS 0x0000000704a00000| PB 0x0000000704a00000| Untracked |  0
|   2|0x0000000704c00000, 0x0000000704e00000, 0x0000000704e00000|100%| O|  |TAMS 0x0000000704c00000| PB 0x0000000704c00000| Untracked |  0
|   3|0x0000000704e00000, 0x0000000704f7b698, 0x0000000705000000| 74%| O|  |TAMS 0x0000000704e00000| PB 0x0000000704e00000| Untracked |  0
|   4|0x0000000705000000, 0x0000000705000000, 0x0000000705200000|  0%| F|  |TAMS 0x0000000705000000| PB 0x0000000705000000| Untracked |  0
|   5|0x0000000705200000, 0x0000000705200000, 0x0000000705400000|  0%| F|  |TAMS 0x0000000705200000| PB 0x0000000705200000| Untracked |  0
|   6|0x0000000705400000, 0x0000000705400000, 0x0000000705600000|  0%| F|  |TAMS 0x0000000705400000| PB 0x0000000705400000| Untracked |  0
|   7|0x0000000705600000, 0x0000000705600000, 0x0000000705800000|  0%| F|  |TAMS 0x0000000705600000| PB 0x0000000705600000| Untracked |  0
|   8|0x0000000705800000, 0x0000000705800000, 0x0000000705a00000|  0%| F|  |TAMS 0x0000000705800000| PB 0x0000000705800000| Untracked |  0
|   9|0x0000000705a00000, 0x0000000705a00000, 0x0000000705c00000|  0%| F|  |TAMS 0x0000000705a00000| PB 0x0000000705a00000| Untracked |  0
|  10|0x0000000705c00000, 0x0000000705c00000, 0x0000000705e00000|  0%| F|  |TAMS 0x0000000705c00000| PB 0x0000000705c00000| Untracked |  0
|  11|0x0000000705e00000, 0x0000000705e00000, 0x0000000706000000|  0%| F|  |TAMS 0x0000000705e00000| PB 0x0000000705e00000| Untracked |  0
|  12|0x0000000706000000, 0x0000000706000000, 0x0000000706200000|  0%| F|  |TAMS 0x0000000706000000| PB 0x0000000706000000| Untracked |  0
|  13|0x0000000706200000, 0x0000000706200000, 0x0000000706400000|  0%| F|  |TAMS 0x0000000706200000| PB 0x0000000706200000| Untracked |  0
|  14|0x0000000706400000, 0x0000000706400000, 0x0000000706600000|  0%| F|  |TAMS 0x0000000706400000| PB 0x0000000706400000| Untracked |  0
|  15|0x0000000706600000, 0x0000000706600000, 0x0000000706800000|  0%| F|  |TAMS 0x0000000706600000| PB 0x0000000706600000| Untracked |  0
|  16|0x0000000706800000, 0x0000000706800000, 0x0000000706a00000|  0%| F|  |TAMS 0x0000000706800000| PB 0x0000000706800000| Untracked |  0
|  17|0x0000000706a00000, 0x0000000706a00000, 0x0000000706c00000|  0%| F|  |TAMS 0x0000000706a00000| PB 0x0000000706a00000| Untracked |  0
|  18|0x0000000706c00000, 0x0000000706c00000, 0x0000000706e00000|  0%| F|  |TAMS 0x0000000706c00000| PB 0x0000000706c00000| Untracked |  0
|  19|0x0000000706e00000, 0x0000000706e00000, 0x0000000707000000|  0%| F|  |TAMS 0x0000000706e00000| PB 0x0000000706e00000| Untracked |  0
|  20|0x0000000707000000, 0x0000000707000000, 0x0000000707200000|  0%| F|  |TAMS 0x0000000707000000| PB 0x0000000707000000| Untracked |  0
|  21|0x0000000707200000, 0x0000000707200000, 0x0000000707400000|  0%| F|  |TAMS 0x0000000707200000| PB 0x0000000707200000| Untracked |  0
|  22|0x0000000707400000, 0x0000000707400000, 0x0000000707600000|  0%| F|  |TAMS 0x0000000707400000| PB 0x0000000707400000| Untracked |  0
|  23|0x0000000707600000, 0x0000000707600000, 0x0000000707800000|  0%| F|  |TAMS 0x0000000707600000| PB 0x0000000707600000| Untracked |  0
|  24|0x0000000707800000, 0x0000000707800000, 0x0000000707a00000|  0%| F|  |TAMS 0x0000000707800000| PB 0x0000000707800000| Untracked |  0
|  25|0x0000000707a00000, 0x0000000707a00000, 0x0000000707c00000|  0%| F|  |TAMS 0x0000000707a00000| PB 0x0000000707a00000| Untracked |  0
|  26|0x0000000707c00000, 0x0000000707c00000, 0x0000000707e00000|  0%| F|  |TAMS 0x0000000707c00000| PB 0x0000000707c00000| Untracked |  0
|  27|0x0000000707e00000, 0x0000000707e00000, 0x0000000708000000|  0%| F|  |TAMS 0x0000000707e00000| PB 0x0000000707e00000| Untracked |  0
|  28|0x0000000708000000, 0x0000000708000000, 0x0000000708200000|  0%| F|  |TAMS 0x0000000708000000| PB 0x0000000708000000| Untracked |  0
|  29|0x0000000708200000, 0x0000000708200000, 0x0000000708400000|  0%| F|  |TAMS 0x0000000708200000| PB 0x0000000708200000| Untracked |  0
|  30|0x0000000708400000, 0x0000000708400000, 0x0000000708600000|  0%| F|  |TAMS 0x0000000708400000| PB 0x0000000708400000| Untracked |  0
|  31|0x0000000708600000, 0x0000000708600000, 0x0000000708800000|  0%| F|  |TAMS 0x0000000708600000| PB 0x0000000708600000| Untracked |  0
|  32|0x0000000708800000, 0x0000000708800000, 0x0000000708a00000|  0%| F|  |TAMS 0x0000000708800000| PB 0x0000000708800000| Untracked |  0
|  33|0x0000000708a00000, 0x0000000708a00000, 0x0000000708c00000|  0%| F|  |TAMS 0x0000000708a00000| PB 0x0000000708a00000| Untracked |  0
|  34|0x0000000708c00000, 0x0000000708c00000, 0x0000000708e00000|  0%| F|  |TAMS 0x0000000708c00000| PB 0x0000000708c00000| Untracked |  0
|  35|0x0000000708e00000, 0x0000000708e00000, 0x0000000709000000|  0%| F|  |TAMS 0x0000000708e00000| PB 0x0000000708e00000| Untracked |  0
|  36|0x0000000709000000, 0x0000000709000000, 0x0000000709200000|  0%| F|  |TAMS 0x0000000709000000| PB 0x0000000709000000| Untracked |  0
|  37|0x0000000709200000, 0x0000000709200000, 0x0000000709400000|  0%| F|  |TAMS 0x0000000709200000| PB 0x0000000709200000| Untracked |  0
|  38|0x0000000709400000, 0x0000000709400000, 0x0000000709600000|  0%| F|  |TAMS 0x0000000709400000| PB 0x0000000709400000| Untracked |  0
|  39|0x0000000709600000, 0x0000000709600000, 0x0000000709800000|  0%| F|  |TAMS 0x0000000709600000| PB 0x0000000709600000| Untracked |  0
|  40|0x0000000709800000, 0x0000000709800000, 0x0000000709a00000|  0%| F|  |TAMS 0x0000000709800000| PB 0x0000000709800000| Untracked |  0
|  41|0x0000000709a00000, 0x0000000709a00000, 0x0000000709c00000|  0%| F|  |TAMS 0x0000000709a00000| PB 0x0000000709a00000| Untracked |  0
|  42|0x0000000709c00000, 0x0000000709c00000, 0x0000000709e00000|  0%| F|  |TAMS 0x0000000709c00000| PB 0x0000000709c00000| Untracked |  0
|  43|0x0000000709e00000, 0x0000000709e00000, 0x000000070a000000|  0%| F|  |TAMS 0x0000000709e00000| PB 0x0000000709e00000| Untracked |  0
|  44|0x000000070a000000, 0x000000070a000000, 0x000000070a200000|  0%| F|  |TAMS 0x000000070a000000| PB 0x000000070a000000| Untracked |  0
|  45|0x000000070a200000, 0x000000070a200000, 0x000000070a400000|  0%| F|  |TAMS 0x000000070a200000| PB 0x000000070a200000| Untracked |  0
|  46|0x000000070a400000, 0x000000070a400000, 0x000000070a600000|  0%| F|  |TAMS 0x000000070a400000| PB 0x000000070a400000| Untracked |  0
|  47|0x000000070a600000, 0x000000070a600000, 0x000000070a800000|  0%| F|  |TAMS 0x000000070a600000| PB 0x000000070a600000| Untracked |  0
|  48|0x000000070a800000, 0x000000070a800000, 0x000000070aa00000|  0%| F|  |TAMS 0x000000070a800000| PB 0x000000070a800000| Untracked |  0
|  49|0x000000070aa00000, 0x000000070aa00000, 0x000000070ac00000|  0%| F|  |TAMS 0x000000070aa00000| PB 0x000000070aa00000| Untracked |  0
|  50|0x000000070ac00000, 0x000000070ac00000, 0x000000070ae00000|  0%| F|  |TAMS 0x000000070ac00000| PB 0x000000070ac00000| Untracked |  0
|  51|0x000000070ae00000, 0x000000070ae00000, 0x000000070b000000|  0%| F|  |TAMS 0x000000070ae00000| PB 0x000000070ae00000| Untracked |  0
|  52|0x000000070b000000, 0x000000070b000000, 0x000000070b200000|  0%| F|  |TAMS 0x000000070b000000| PB 0x000000070b000000| Untracked |  0
|  53|0x000000070b200000, 0x000000070b200000, 0x000000070b400000|  0%| F|  |TAMS 0x000000070b200000| PB 0x000000070b200000| Untracked |  0
|  54|0x000000070b400000, 0x000000070b400000, 0x000000070b600000|  0%| F|  |TAMS 0x000000070b400000| PB 0x000000070b400000| Untracked |  0
|  55|0x000000070b600000, 0x000000070b600000, 0x000000070b800000|  0%| F|  |TAMS 0x000000070b600000| PB 0x000000070b600000| Untracked |  0
|  56|0x000000070b800000, 0x000000070b800000, 0x000000070ba00000|  0%| F|  |TAMS 0x000000070b800000| PB 0x000000070b800000| Untracked |  0
|  57|0x000000070ba00000, 0x000000070ba00000, 0x000000070bc00000|  0%| F|  |TAMS 0x000000070ba00000| PB 0x000000070ba00000| Untracked |  0
|  58|0x000000070bc00000, 0x000000070bc00000, 0x000000070be00000|  0%| F|  |TAMS 0x000000070bc00000| PB 0x000000070bc00000| Untracked |  0
|  59|0x000000070be00000, 0x000000070be00000, 0x000000070c000000|  0%| F|  |TAMS 0x000000070be00000| PB 0x000000070be00000| Untracked |  0
|  60|0x000000070c000000, 0x000000070c000000, 0x000000070c200000|  0%| F|  |TAMS 0x000000070c000000| PB 0x000000070c000000| Untracked |  0
|  61|0x000000070c200000, 0x000000070c200000, 0x000000070c400000|  0%| F|  |TAMS 0x000000070c200000| PB 0x000000070c200000| Untracked |  0
|  62|0x000000070c400000, 0x000000070c400000, 0x000000070c600000|  0%| F|  |TAMS 0x000000070c400000| PB 0x000000070c400000| Untracked |  0
|  63|0x000000070c600000, 0x000000070c600000, 0x000000070c800000|  0%| F|  |TAMS 0x000000070c600000| PB 0x000000070c600000| Untracked |  0
|  64|0x000000070c800000, 0x000000070c800000, 0x000000070ca00000|  0%| F|  |TAMS 0x000000070c800000| PB 0x000000070c800000| Untracked |  0
|  65|0x000000070ca00000, 0x000000070ca00000, 0x000000070cc00000|  0%| F|  |TAMS 0x000000070ca00000| PB 0x000000070ca00000| Untracked |  0
|  66|0x000000070cc00000, 0x000000070cc00000, 0x000000070ce00000|  0%| F|  |TAMS 0x000000070cc00000| PB 0x000000070cc00000| Untracked |  0
|  67|0x000000070ce00000, 0x000000070ce00000, 0x000000070d000000|  0%| F|  |TAMS 0x000000070ce00000| PB 0x000000070ce00000| Untracked |  0
|  68|0x000000070d000000, 0x000000070d000000, 0x000000070d200000|  0%| F|  |TAMS 0x000000070d000000| PB 0x000000070d000000| Untracked |  0
|  69|0x000000070d200000, 0x000000070d200000, 0x000000070d400000|  0%| F|  |TAMS 0x000000070d200000| PB 0x000000070d200000| Untracked |  0
|  70|0x000000070d400000, 0x000000070d400000, 0x000000070d600000|  0%| F|  |TAMS 0x000000070d400000| PB 0x000000070d400000| Untracked |  0
|  71|0x000000070d600000, 0x000000070d600000, 0x000000070d800000|  0%| F|  |TAMS 0x000000070d600000| PB 0x000000070d600000| Untracked |  0
|  72|0x000000070d800000, 0x000000070d800000, 0x000000070da00000|  0%| F|  |TAMS 0x000000070d800000| PB 0x000000070d800000| Untracked |  0
|  73|0x000000070da00000, 0x000000070da00000, 0x000000070dc00000|  0%| F|  |TAMS 0x000000070da00000| PB 0x000000070da00000| Untracked |  0
|  74|0x000000070dc00000, 0x000000070dc00000, 0x000000070de00000|  0%| F|  |TAMS 0x000000070dc00000| PB 0x000000070dc00000| Untracked |  0
|  75|0x000000070de00000, 0x000000070de00000, 0x000000070e000000|  0%| F|  |TAMS 0x000000070de00000| PB 0x000000070de00000| Untracked |  0
|  76|0x000000070e000000, 0x000000070e000000, 0x000000070e200000|  0%| F|  |TAMS 0x000000070e000000| PB 0x000000070e000000| Untracked |  0
|  77|0x000000070e200000, 0x000000070e200000, 0x000000070e400000|  0%| F|  |TAMS 0x000000070e200000| PB 0x000000070e200000| Untracked |  0
|  78|0x000000070e400000, 0x000000070e400000, 0x000000070e600000|  0%| F|  |TAMS 0x000000070e400000| PB 0x000000070e400000| Untracked |  0
|  79|0x000000070e600000, 0x000000070e600000, 0x000000070e800000|  0%| F|  |TAMS 0x000000070e600000| PB 0x000000070e600000| Untracked |  0
|  80|0x000000070e800000, 0x000000070e800000, 0x000000070ea00000|  0%| F|  |TAMS 0x000000070e800000| PB 0x000000070e800000| Untracked |  0
|  81|0x000000070ea00000, 0x000000070ea00000, 0x000000070ec00000|  0%| F|  |TAMS 0x000000070ea00000| PB 0x000000070ea00000| Untracked |  0
|  82|0x000000070ec00000, 0x000000070ec00000, 0x000000070ee00000|  0%| F|  |TAMS 0x000000070ec00000| PB 0x000000070ec00000| Untracked |  0
|  83|0x000000070ee00000, 0x000000070ee00000, 0x000000070f000000|  0%| F|  |TAMS 0x000000070ee00000| PB 0x000000070ee00000| Untracked |  0
|  84|0x000000070f000000, 0x000000070f000000, 0x000000070f200000|  0%| F|  |TAMS 0x000000070f000000| PB 0x000000070f000000| Untracked |  0
|  85|0x000000070f200000, 0x000000070f200000, 0x000000070f400000|  0%| F|  |TAMS 0x000000070f200000| PB 0x000000070f200000| Untracked |  0
|  86|0x000000070f400000, 0x000000070f400000, 0x000000070f600000|  0%| F|  |TAMS 0x000000070f400000| PB 0x000000070f400000| Untracked |  0
|  87|0x000000070f600000, 0x000000070f600000, 0x000000070f800000|  0%| F|  |TAMS 0x000000070f600000| PB 0x000000070f600000| Untracked |  0
|  88|0x000000070f800000, 0x000000070f800000, 0x000000070fa00000|  0%| F|  |TAMS 0x000000070f800000| PB 0x000000070f800000| Untracked |  0
|  89|0x000000070fa00000, 0x000000070fa00000, 0x000000070fc00000|  0%| F|  |TAMS 0x000000070fa00000| PB 0x000000070fa00000| Untracked |  0
|  90|0x000000070fc00000, 0x000000070fc00000, 0x000000070fe00000|  0%| F|  |TAMS 0x000000070fc00000| PB 0x000000070fc00000| Untracked |  0
|  91|0x000000070fe00000, 0x000000070fe00000, 0x0000000710000000|  0%| F|  |TAMS 0x000000070fe00000| PB 0x000000070fe00000| Untracked |  0
|  92|0x0000000710000000, 0x0000000710000000, 0x0000000710200000|  0%| F|  |TAMS 0x0000000710000000| PB 0x0000000710000000| Untracked |  0
|  93|0x0000000710200000, 0x0000000710200000, 0x0000000710400000|  0%| F|  |TAMS 0x0000000710200000| PB 0x0000000710200000| Untracked |  0
|  94|0x0000000710400000, 0x0000000710400000, 0x0000000710600000|  0%| F|  |TAMS 0x0000000710400000| PB 0x0000000710400000| Untracked |  0
|  95|0x0000000710600000, 0x0000000710600000, 0x0000000710800000|  0%| F|  |TAMS 0x0000000710600000| PB 0x0000000710600000| Untracked |  0
|  96|0x0000000710800000, 0x0000000710800000, 0x0000000710a00000|  0%| F|  |TAMS 0x0000000710800000| PB 0x0000000710800000| Untracked |  0
|  97|0x0000000710a00000, 0x0000000710a00000, 0x0000000710c00000|  0%| F|  |TAMS 0x0000000710a00000| PB 0x0000000710a00000| Untracked |  0
|  98|0x0000000710c00000, 0x0000000710c00000, 0x0000000710e00000|  0%| F|  |TAMS 0x0000000710c00000| PB 0x0000000710c00000| Untracked |  0
|  99|0x0000000710e00000, 0x0000000710e00000, 0x0000000711000000|  0%| F|  |TAMS 0x0000000710e00000| PB 0x0000000710e00000| Untracked |  0
| 100|0x0000000711000000, 0x0000000711000000, 0x0000000711200000|  0%| F|  |TAMS 0x0000000711000000| PB 0x0000000711000000| Untracked |  0
| 101|0x0000000711200000, 0x0000000711200000, 0x0000000711400000|  0%| F|  |TAMS 0x0000000711200000| PB 0x0000000711200000| Untracked |  0
| 102|0x0000000711400000, 0x0000000711400000, 0x0000000711600000|  0%| F|  |TAMS 0x0000000711400000| PB 0x0000000711400000| Untracked |  0
| 103|0x0000000711600000, 0x0000000711600000, 0x0000000711800000|  0%| F|  |TAMS 0x0000000711600000| PB 0x0000000711600000| Untracked |  0
| 104|0x0000000711800000, 0x0000000711800000, 0x0000000711a00000|  0%| F|  |TAMS 0x0000000711800000| PB 0x0000000711800000| Untracked |  0
| 105|0x0000000711a00000, 0x0000000711a00000, 0x0000000711c00000|  0%| F|  |TAMS 0x0000000711a00000| PB 0x0000000711a00000| Untracked |  0
| 106|0x0000000711c00000, 0x0000000711d14fd0, 0x0000000711e00000| 54%| S|CS|TAMS 0x0000000711c00000| PB 0x0000000711c00000| Complete |  0
| 107|0x0000000711e00000, 0x0000000712000000, 0x0000000712000000|100%| S|CS|TAMS 0x0000000711e00000| PB 0x0000000711e00000| Complete |  0
| 108|0x0000000712000000, 0x0000000712200000, 0x0000000712200000|100%| O|Cr|TAMS 0x0000000712000000| PB 0x0000000712000000| Complete |  0
| 109|0x0000000712200000, 0x0000000712200000, 0x0000000712400000|  0%| F|  |TAMS 0x0000000712200000| PB 0x0000000712200000| Untracked |  0
| 110|0x0000000712400000, 0x0000000712400000, 0x0000000712600000|  0%| F|  |TAMS 0x0000000712400000| PB 0x0000000712400000| Untracked |  0
| 111|0x0000000712600000, 0x0000000712600000, 0x0000000712800000|  0%| F|  |TAMS 0x0000000712600000| PB 0x0000000712600000| Untracked |  0
| 112|0x0000000712800000, 0x0000000712800000, 0x0000000712a00000|  0%| F|  |TAMS 0x0000000712800000| PB 0x0000000712800000| Untracked |  0
| 113|0x0000000712a00000, 0x0000000712a00000, 0x0000000712c00000|  0%| F|  |TAMS 0x0000000712a00000| PB 0x0000000712a00000| Untracked |  0
| 114|0x0000000712c00000, 0x0000000712c00000, 0x0000000712e00000|  0%| F|  |TAMS 0x0000000712c00000| PB 0x0000000712c00000| Untracked |  0
| 115|0x0000000712e00000, 0x0000000712e867e0, 0x0000000713000000| 26%| E|  |TAMS 0x0000000712e00000| PB 0x0000000712e00000| Complete |  0
| 116|0x0000000713000000, 0x0000000713200000, 0x0000000713200000|100%| E|CS|TAMS 0x0000000713000000| PB 0x0000000713000000| Complete |  0
| 117|0x0000000713200000, 0x0000000713400000, 0x0000000713400000|100%| E|CS|TAMS 0x0000000713200000| PB 0x0000000713200000| Complete |  0
| 118|0x0000000713400000, 0x0000000713600000, 0x0000000713600000|100%| E|CS|TAMS 0x0000000713400000| PB 0x0000000713400000| Complete |  0
| 119|0x0000000713600000, 0x0000000713800000, 0x0000000713800000|100%| E|CS|TAMS 0x0000000713600000| PB 0x0000000713600000| Complete |  0
| 120|0x0000000713800000, 0x0000000713a00000, 0x0000000713a00000|100%| E|CS|TAMS 0x0000000713800000| PB 0x0000000713800000| Complete |  0
| 121|0x0000000713a00000, 0x0000000713c00000, 0x0000000713c00000|100%| E|CS|TAMS 0x0000000713a00000| PB 0x0000000713a00000| Complete |  0
| 122|0x0000000713c00000, 0x0000000713e00000, 0x0000000713e00000|100%| E|CS|TAMS 0x0000000713c00000| PB 0x0000000713c00000| Complete |  0
| 123|0x0000000713e00000, 0x0000000714000000, 0x0000000714000000|100%| E|CS|TAMS 0x0000000713e00000| PB 0x0000000713e00000| Complete |  0
| 124|0x0000000714000000, 0x0000000714200000, 0x0000000714200000|100%| E|CS|TAMS 0x0000000714000000| PB 0x0000000714000000| Complete |  0
| 125|0x0000000714200000, 0x0000000714400000, 0x0000000714400000|100%| E|CS|TAMS 0x0000000714200000| PB 0x0000000714200000| Complete |  0

Card table byte_map: [0x00000240b9460000,0x00000240b9c40000] _byte_map_base: 0x00000240b5c3c000

Marking Bits: (CMBitMap*) 0x000002409f1e0470
 Bits: [0x00000240b9c40000, 0x00000240bdb20000)

Polling page: 0x000002409f230000

Metaspace:

Usage:
  Non-class:     17.00 MB used.
      Class:      2.41 MB used.
       Both:     19.41 MB used.

Virtual space:
  Non-class space:       64.00 MB reserved,      17.19 MB ( 27%) committed,  1 nodes.
      Class space:        1.00 GB reserved,       2.56 MB ( <1%) committed,  1 nodes.
             Both:        1.06 GB reserved,      19.75 MB (  2%) committed. 

Chunk freelists:
   Non-Class:  14.08 MB
       Class:  13.38 MB
        Both:  27.45 MB

MaxMetaspaceSize: unlimited
CompressedClassSpaceSize: 1.00 GB
Initial GC threshold: 21.00 MB
Current GC threshold: 21.00 MB
CDS: on
 - commit_granule_bytes: 65536.
 - commit_granule_words: 8192.
 - virtual_space_node_default_size: 8388608.
 - enlarge_chunks_in_place: 1.
 - use_allocation_guard: 0.


Internal statistics:

num_allocs_failed_limit: 0.
num_arena_births: 392.
num_arena_deaths: 0.
num_vsnodes_births: 2.
num_vsnodes_deaths: 0.
num_space_committed: 316.
num_space_uncommitted: 0.
num_chunks_returned_to_freelist: 0.
num_chunks_taken_from_freelist: 1038.
num_chunk_merges: 0.
num_chunk_splits: 691.
num_chunks_enlarged: 484.
num_inconsistent_stats: 0.

CodeHeap 'non-profiled nmethods': size=119168Kb used=988Kb max_used=988Kb free=118179Kb
 bounds [0x00000240b0860000, 0x00000240b0ad0000, 0x00000240b7cc0000]
CodeHeap 'profiled nmethods': size=119104Kb used=4994Kb max_used=4994Kb free=114109Kb
 bounds [0x00000240a8cc0000, 0x00000240a91b0000, 0x00000240b0110000]
CodeHeap 'non-nmethods': size=7488Kb used=2022Kb max_used=3185Kb free=5465Kb
 bounds [0x00000240b0110000, 0x00000240b0440000, 0x00000240b0860000]
 total_blobs=3218 nmethods=2675 adapters=446
 compilation: enabled
              stopped_count=0, restarted_count=0
 full_count=0

Compilation events (20 events):
Event: 1.570 Thread 0x00000241060d1030 nmethod 2596 0x00000240a917ac90 code [0x00000240a917b080, 0x00000240a917cf48]
Event: 1.570 Thread 0x0000024106010090 nmethod 2597 0x00000240a917da10 code [0x00000240a917de00, 0x00000240a917fca8]
Event: 1.570 Thread 0x0000024106ec1140 nmethod 2556 0x00000240b0949890 code [0x00000240b0949a20, 0x00000240b0949b98]
Event: 1.571 Thread 0x0000024106ec1140 2558       4       java.lang.CharacterDataLatin1::digit (32 bytes)
Event: 1.572 Thread 0x0000024106697db0 2599       3       java.lang.invoke.MethodHandles$Lookup::restrictProtectedReceiver (51 bytes)
Event: 1.573 Thread 0x0000024106697db0 nmethod 2599 0x00000240a9180790 code [0x00000240a9180980, 0x00000240a9180e60]
Event: 1.573 Thread 0x00000241060cb540 2600       3       java.security.Provider$UString::hashCode (8 bytes)
Event: 1.573 Thread 0x00000241060cb540 nmethod 2600 0x00000240a9181010 code [0x00000240a91811c0, 0x00000240a9181308]
Event: 1.574 Thread 0x0000024106ec1140 nmethod 2558 0x00000240b0949d10 code [0x00000240b0949ea0, 0x00000240b0949fc0]
Event: 1.574 Thread 0x0000024106ec1140 2602       4       java.util.Properties::loadConvert (540 bytes)
Event: 1.574 Thread 0x0000024106010090 2603       3       java.util.concurrent.ConcurrentHashMap::<init> (73 bytes)
Event: 1.575 Thread 0x0000024106010090 nmethod 2603 0x00000240a9181410 code [0x00000240a9181620, 0x00000240a9181b58]
Event: 1.575 Thread 0x0000024106010090 2604       3       java.util.Collections$3::hasMoreElements (10 bytes)
Event: 1.575 Thread 0x00000241060cb540 2605       3       java.util.Collections$3::nextElement (10 bytes)
Event: 1.576 Thread 0x00000241060cb540 nmethod 2605 0x00000240a9181d10 code [0x00000240a9181ec0, 0x00000240a91820a0]
Event: 1.576 Thread 0x0000024106010090 nmethod 2604 0x00000240a9182190 code [0x00000240a9182340, 0x00000240a9182520]
Event: 1.579 Thread 0x0000024106699900 nmethod 2572 0x00000240b094a110 code [0x00000240b094a2e0, 0x00000240b094aa80]
Event: 1.580 Thread 0x0000024106ec1800 nmethod 2534 0x00000240b094af10 code [0x00000240b094b220, 0x00000240b094cd80]
Event: 1.580 Thread 0x0000024106699900 2606 % !   4       java.util.concurrent.ConcurrentHashMap::transfer @ 96 (849 bytes)
Event: 1.582 Thread 0x0000024106ec1800 2601 %     4       java.util.Properties::load0 @ 29 (249 bytes)

GC Heap History (4 events):
Event: 0.688 GC heap before
{Heap before GC invocations=0 (full 0):
 garbage-first heap   total reserved 4120576K, committed 258048K, used 24576K [0x0000000704800000, 0x0000000800000000)
  region size 2048K, 12 young (24576K), 0 survivors (0K)
 Metaspace       used 6019K, committed 6144K, reserved 1114112K
  class space    used 709K, committed 768K, reserved 1048576K
}
Event: 0.692 GC heap after
{Heap after GC invocations=1 (full 0):
 garbage-first heap   total reserved 4120576K, committed 258048K, used 7329K [0x0000000704800000, 0x0000000800000000)
  region size 2048K, 2 young (4096K), 2 survivors (4096K)
 Metaspace       used 6019K, committed 6144K, reserved 1114112K
  class space    used 709K, committed 768K, reserved 1048576K
}
Event: 1.308 GC heap before
{Heap before GC invocations=1 (full 0):
 garbage-first heap   total reserved 4120576K, committed 258048K, used 38049K [0x0000000704800000, 0x0000000800000000)
  region size 2048K, 18 young (36864K), 2 survivors (4096K)
 Metaspace       used 15628K, committed 16000K, reserved 1114112K
  class space    used 1916K, committed 2048K, reserved 1048576K
}
Event: 1.313 GC heap after
{Heap after GC invocations=2 (full 0):
 garbage-first heap   total reserved 4120576K, committed 258048K, used 12865K [0x0000000704800000, 0x0000000800000000)
  region size 2048K, 2 young (4096K), 2 survivors (4096K)
 Metaspace       used 15628K, committed 16000K, reserved 1114112K
  class space    used 1916K, committed 2048K, reserved 1048576K
}

Dll operation events (11 events):
Event: 0.008 Loaded shared library C:\Users\Johan\.jdks\openjdk-22\bin\java.dll
Event: 0.041 Loaded shared library C:\Users\Johan\.jdks\openjdk-22\bin\jsvml.dll
Event: 0.128 Loaded shared library C:\Users\Johan\.jdks\openjdk-22\bin\zip.dll
Event: 0.131 Loaded shared library C:\Users\Johan\.jdks\openjdk-22\bin\instrument.dll
Event: 0.134 Loaded shared library C:\Users\Johan\.jdks\openjdk-22\bin\net.dll
Event: 0.135 Loaded shared library C:\Users\Johan\.jdks\openjdk-22\bin\nio.dll
Event: 0.138 Loaded shared library C:\Users\Johan\.jdks\openjdk-22\bin\zip.dll
Event: 0.249 Loaded shared library C:\Users\Johan\.jdks\openjdk-22\bin\extnet.dll
Event: 0.288 Loaded shared library C:\Users\Johan\.jdks\openjdk-22\bin\jimage.dll
Event: 0.862 Loaded shared library C:\Users\Johan\.jdks\openjdk-22\bin\le.dll
Event: 1.562 Loaded shared library C:\Users\Johan\.jdks\openjdk-22\bin\sunmscapi.dll

Deoptimization events (20 events):
Event: 1.576 Thread 0x000002409f1771e0 DEOPT PACKING pc=0x00000240a8e8e706 sp=0x00000046308fe9e0
Event: 1.576 Thread 0x000002409f1771e0 DEOPT UNPACKING pc=0x00000240b0164e42 sp=0x00000046308fdef0 mode 0
Event: 1.576 Thread 0x000002409f1771e0 DEOPT PACKING pc=0x00000240a8e8e706 sp=0x00000046308fe9e0
Event: 1.576 Thread 0x000002409f1771e0 DEOPT UNPACKING pc=0x00000240b0164e42 sp=0x00000046308fdef0 mode 0
Event: 1.577 Thread 0x000002409f1771e0 DEOPT PACKING pc=0x00000240a8e8e706 sp=0x00000046308fe9e0
Event: 1.577 Thread 0x000002409f1771e0 DEOPT UNPACKING pc=0x00000240b0164e42 sp=0x00000046308fdef0 mode 0
Event: 1.577 Thread 0x000002409f1771e0 DEOPT PACKING pc=0x00000240a8e8e706 sp=0x00000046308fe9e0
Event: 1.577 Thread 0x000002409f1771e0 DEOPT UNPACKING pc=0x00000240b0164e42 sp=0x00000046308fdef0 mode 0
Event: 1.577 Thread 0x000002409f1771e0 DEOPT PACKING pc=0x00000240a8e8e706 sp=0x00000046308fe9e0
Event: 1.577 Thread 0x000002409f1771e0 DEOPT UNPACKING pc=0x00000240b0164e42 sp=0x00000046308fdef0 mode 0
Event: 1.578 Thread 0x000002409f1771e0 DEOPT PACKING pc=0x00000240a8e8e706 sp=0x00000046308fe9e0
Event: 1.578 Thread 0x000002409f1771e0 DEOPT UNPACKING pc=0x00000240b0164e42 sp=0x00000046308fdef0 mode 0
Event: 1.578 Thread 0x000002409f1771e0 DEOPT PACKING pc=0x00000240a8e8e706 sp=0x00000046308fe9e0
Event: 1.578 Thread 0x000002409f1771e0 DEOPT UNPACKING pc=0x00000240b0164e42 sp=0x00000046308fdef0 mode 0
Event: 1.578 Thread 0x000002409f1771e0 DEOPT PACKING pc=0x00000240a8e8e706 sp=0x00000046308fe9e0
Event: 1.578 Thread 0x000002409f1771e0 DEOPT UNPACKING pc=0x00000240b0164e42 sp=0x00000046308fdef0 mode 0
Event: 1.579 Thread 0x000002409f1771e0 DEOPT PACKING pc=0x00000240a8e8e706 sp=0x00000046308fe9e0
Event: 1.579 Thread 0x000002409f1771e0 DEOPT UNPACKING pc=0x00000240b0164e42 sp=0x00000046308fdef0 mode 0
Event: 1.579 Thread 0x000002409f1771e0 DEOPT PACKING pc=0x00000240a8e8e706 sp=0x00000046308fe9e0
Event: 1.579 Thread 0x000002409f1771e0 DEOPT UNPACKING pc=0x00000240b0164e42 sp=0x00000046308fdef0 mode 0

Classes loaded (20 events):
Event: 1.548 Loading class java/security/PrivilegedActionException
Event: 1.548 Loading class java/security/PrivilegedActionException done
Event: 1.548 Loading class java/security/InvalidParameterException
Event: 1.548 Loading class java/security/InvalidParameterException done
Event: 1.548 Loading class javax/security/auth/login/FailedLoginException
Event: 1.548 Loading class javax/security/auth/login/FailedLoginException done
Event: 1.548 Loading class javax/security/auth/Subject
Event: 1.549 Loading class javax/security/auth/Subject done
Event: 1.549 Loading class javax/security/auth/callback/CallbackHandler
Event: 1.549 Loading class javax/security/auth/callback/CallbackHandler done
Event: 1.573 Loading class sun/security/provider/certpath/ldap/JdkLDAP
Event: 1.573 Loading class sun/security/provider/certpath/ldap/JdkLDAP done
Event: 1.574 Loading class sun/security/provider/certpath/ldap/JdkLDAP$ProviderService
Event: 1.574 Loading class sun/security/provider/certpath/ldap/JdkLDAP$ProviderService done
Event: 1.574 Loading class com/sun/security/sasl/Provider
Event: 1.574 Loading class com/sun/security/sasl/Provider done
Event: 1.574 Loading class com/sun/security/sasl/Provider$1
Event: 1.574 Loading class com/sun/security/sasl/Provider$1 done
Event: 1.575 Loading class com/sun/security/sasl/Provider$ProviderService
Event: 1.575 Loading class com/sun/security/sasl/Provider$ProviderService done

Classes unloaded (0 events):
No events

Classes redefined (0 events):
No events

Internal exceptions (20 events):
Event: 0.853 Thread 0x000002409f1771e0 Exception <a 'java/lang/NoSuchMethodError'{0x0000000713da0090}: 'java.lang.Object java.lang.invoke.DirectMethodHandle$Holder.invokeStaticInit(java.lang.Object, int, java.lang.Object)'> (0x0000000713da0090) 
thrown [s\open\src\hotspot\share\interpreter\linkResolver.cpp, line 774]
Event: 0.858 Thread 0x000002409f1771e0 Exception <a 'sun/nio/fs/WindowsException'{0x0000000713dc2f38}> (0x0000000713dc2f38) 
thrown [s\open\src\hotspot\share\prims\jni.cpp, line 520]
Event: 0.863 Thread 0x000002409f1771e0 Exception <a 'jdk/internal/org/jline/terminal/impl/jna/LastErrorException'{0x0000000713dcf670}> (0x0000000713dcf670) 
thrown [s\open\src\hotspot\share\prims\jni.cpp, line 520]
Event: 0.863 Thread 0x000002409f1771e0 Exception <a 'jdk/internal/org/jline/terminal/impl/jna/LastErrorException'{0x0000000713dcffe0}> (0x0000000713dcffe0) 
thrown [s\open\src\hotspot\share\prims\jni.cpp, line 520]
Event: 0.863 Thread 0x000002409f1771e0 Exception <a 'jdk/internal/org/jline/terminal/impl/jna/LastErrorException'{0x0000000713dd0900}> (0x0000000713dd0900) 
thrown [s\open\src\hotspot\share\prims\jni.cpp, line 520]
Event: 0.932 Thread 0x000002409f1771e0 Exception <a 'java/lang/NoSuchMethodError'{0x0000000713b53730}: 'java.lang.Object java.lang.invoke.DirectMethodHandle$Holder.invokeVirtual(java.lang.Object, java.lang.Object, java.lang.Object)'> (0x0000000713b53730) 
thrown [s\open\src\hotspot\share\interpreter\linkResolver.cpp, line 774]
Event: 0.960 Thread 0x000002409f1771e0 Exception <a 'java/lang/NoSuchMethodError'{0x000000071380baf0}: 'void java.lang.invoke.DirectMethodHandle$Holder.invokeVirtual(java.lang.Object, java.lang.Object, java.lang.Object, java.lang.Object)'> (0x000000071380baf0) 
thrown [s\open\src\hotspot\share\interpreter\linkResolver.cpp, line 774]
Event: 1.025 Thread 0x000002409f1771e0 Exception <a 'java/lang/NoSuchMethodError'{0x00000007136476f8}: 'java.lang.Object java.lang.invoke.Invokers$Holder.invoke_MT(java.lang.Object, java.lang.Object, java.lang.Object, java.lang.Object, java.lang.Object, java.lang.Object, java.lang.Object, java.lang.Object, java.lang.Object)'> (0x00000007136476f8) 
thrown [s\open\src\hotspot\share\interpreter\linkResolver.cpp, line 774]
Event: 1.026 Thread 0x00000241070d00e0 Exception <a 'java/lang/NoClassDefFoundError'{0x00000007136760c8}: jakarta/validation/Validation> (0x00000007136760c8) 
thrown [s\open\src\hotspot\share\classfile\systemDictionary.cpp, line 302]
Event: 1.031 Thread 0x000002409f1771e0 Exception <a 'java/lang/NoSuchMethodError'{0x00000007136a1c78}: 'java.lang.reflect.Field[] java.lang.Class.getDeclaredFields(java.lang.Class)'> (0x00000007136a1c78) 
thrown [s\open\src\hotspot\share\interpreter\linkResolver.cpp, line 774]
Event: 1.043 Thread 0x000002409f1771e0 Exception <a 'java/lang/IncompatibleClassChangeError'{0x00000007136e8860}: Found class java.lang.Object, but interface was expected> (0x00000007136e8860) 
thrown [s\open\src\hotspot\share\interpreter\linkResolver.cpp, line 841]
Event: 1.344 Thread 0x000002409f1771e0 Exception <a 'java/lang/NoSuchMethodError'{0x00000007140b5248}: 'int java.lang.invoke.DirectMethodHandle$Holder.invokeSpecial(java.lang.Object, java.lang.Object, java.lang.Object, java.lang.Object, java.lang.Object)'> (0x00000007140b5248) 
thrown [s\open\src\hotspot\share\interpreter\linkResolver.cpp, line 774]
Event: 1.345 Thread 0x000002409f1771e0 Exception <a 'java/lang/NoSuchMethodError'{0x00000007140bd828}: 'void java.lang.invoke.DirectMethodHandle$Holder.invokeVirtual(java.lang.Object, java.lang.Object)'> (0x00000007140bd828) 
thrown [s\open\src\hotspot\share\interpreter\linkResolver.cpp, line 774]
Event: 1.417 Thread 0x00000241070d00e0 Exception <a 'java/lang/NoSuchMethodError'{0x0000000713b4e4c0}: 'long java.lang.invoke.DirectMethodHandle$Holder.invokeSpecial(java.lang.Object, java.lang.Object)'> (0x0000000713b4e4c0) 
thrown [s\open\src\hotspot\share\interpreter\linkResolver.cpp, line 774]
Event: 1.419 Thread 0x00000241070d00e0 Exception <a 'java/lang/NoSuchMethodError'{0x0000000713b58040}: 'long java.lang.invoke.DirectMethodHandle$Holder.invokeStatic(java.lang.Object, java.lang.Object)'> (0x0000000713b58040) 
thrown [s\open\src\hotspot\share\interpreter\linkResolver.cpp, line 774]
Event: 1.419 Thread 0x00000241070d00e0 Exception <a 'java/lang/NoSuchMethodError'{0x0000000713b5b128}: 'long java.lang.invoke.DirectMethodHandle$Holder.invokeStaticInit(java.lang.Object, java.lang.Object)'> (0x0000000713b5b128) 
thrown [s\open\src\hotspot\share\interpreter\linkResolver.cpp, line 774]
Event: 1.421 Thread 0x00000241070d00e0 Exception <a 'java/lang/NoSuchMethodError'{0x0000000713b67328}: 'long java.lang.invoke.DirectMethodHandle$Holder.invokeInterface(java.lang.Object, java.lang.Object)'> (0x0000000713b67328) 
thrown [s\open\src\hotspot\share\interpreter\linkResolver.cpp, line 774]
Event: 1.421 Thread 0x00000241070d00e0 Exception <a 'java/lang/IncompatibleClassChangeError'{0x0000000713b6a338}: Found class java.lang.Object, but interface was expected> (0x0000000713b6a338) 
thrown [s\open\src\hotspot\share\interpreter\linkResolver.cpp, line 841]
Event: 1.425 Thread 0x00000241070d00e0 Exception <a 'java/lang/NoSuchMethodError'{0x0000000713815ce8}: 'java.lang.Object java.lang.invoke.DirectMethodHandle$Holder.invokeVirtual(java.lang.Object, java.lang.Object, java.lang.Object, java.lang.Object)'> (0x0000000713815ce8) 
thrown [s\open\src\hotspot\share\interpreter\linkResolver.cpp, line 774]
Event: 1.571 Thread 0x000002409f1771e0 Exception <a 'java/lang/IncompatibleClassChangeError'{0x0000000713050018}: Found class java.lang.Object, but interface was expected> (0x0000000713050018) 
thrown [s\open\src\hotspot\share\interpreter\linkResolver.cpp, line 841]

ZGC Phase Switch (0 events):
No events

VM Operations (20 events):
Event: 1.013 Executing VM operation: HandshakeAllThreads (Deoptimize) done
Event: 1.015 Executing VM operation: HandshakeAllThreads (Deoptimize)
Event: 1.015 Executing VM operation: HandshakeAllThreads (Deoptimize) done
Event: 1.016 Executing VM operation: HandshakeAllThreads (Deoptimize)
Event: 1.016 Executing VM operation: HandshakeAllThreads (Deoptimize) done
Event: 1.215 Executing VM operation: HandshakeAllThreads (Deoptimize)
Event: 1.224 Executing VM operation: HandshakeAllThreads (Deoptimize) done
Event: 1.278 Executing VM operation: HandshakeAllThreads (Deoptimize)
Event: 1.279 Executing VM operation: HandshakeAllThreads (Deoptimize) done
Event: 1.308 Executing VM operation: G1CollectForAllocation (G1 Evacuation Pause)
Event: 1.313 Executing VM operation: G1CollectForAllocation (G1 Evacuation Pause) done
Event: 1.327 Executing VM operation: HandshakeAllThreads (Deoptimize)
Event: 1.328 Executing VM operation: HandshakeAllThreads (Deoptimize) done
Event: 1.348 Executing VM operation: HandshakeAllThreads (Deoptimize)
Event: 1.348 Executing VM operation: HandshakeAllThreads (Deoptimize) done
Event: 1.476 Executing VM operation: HandshakeAllThreads (Deoptimize)
Event: 1.476 Executing VM operation: HandshakeAllThreads (Deoptimize) done
Event: 1.531 Executing VM operation: HandshakeAllThreads (Deoptimize)
Event: 1.531 Executing VM operation: HandshakeAllThreads (Deoptimize) done
Event: 1.582 Executing VM operation: HandshakeAllThreads (Deoptimize)

Events (20 events):
Event: 0.038 Thread 0x00000240c0ad0970 Thread added: 0x00000240c0ad0970
Event: 0.038 Thread 0x00000240c0ad1110 Thread added: 0x00000240c0ad1110
Event: 0.038 Thread 0x00000240c0ad9600 Thread added: 0x00000240c0ad9600
Event: 0.038 Thread 0x0000024106010090 Thread added: 0x0000024106010090
Event: 0.044 Thread 0x00000241060cb540 Thread added: 0x00000241060cb540
Event: 0.044 Thread 0x00000241060d1030 Thread added: 0x00000241060d1030
Event: 0.114 Thread 0x00000241060db3b0 Thread added: 0x00000241060db3b0
Event: 0.123 Thread 0x000002410618df10 Thread added: 0x000002410618df10
Event: 0.241 Thread 0x000002410639d220 Thread added: 0x000002410639d220
Event: 0.242 Thread 0x000002410630bb60 Thread added: 0x000002410630bb60
Event: 0.346 Thread 0x0000024106697db0 Thread added: 0x0000024106697db0
Event: 0.354 Thread 0x0000024106699900 Thread added: 0x0000024106699900
Event: 0.909 Thread 0x0000024106ec1140 Thread added: 0x0000024106ec1140
Event: 0.909 Thread 0x0000024106ec1800 Thread added: 0x0000024106ec1800
Event: 0.910 Thread 0x0000024106ec3250 Thread added: 0x0000024106ec3250
Event: 1.023 Thread 0x00000241070d00e0 Thread added: 0x00000241070d00e0
Event: 1.177 Thread 0x0000024106ec3250 Thread exited: 0x0000024106ec3250
Event: 1.451 Thread 0x00000241076492e0 Thread added: 0x00000241076492e0
Event: 1.514 Thread 0x00000241076492e0 Thread exited: 0x00000241076492e0
Event: 1.578 Thread 0x00000241070d00e0 Thread exited: 0x00000241070d00e0


Dynamic libraries:
0x00007ff767b70000 - 0x00007ff767b7e000 	C:\Users\Johan\.jdks\openjdk-22\bin\java.exe
0x00007ff9b8560000 - 0x00007ff9b87c8000 	C:\WINDOWS\SYSTEM32\ntdll.dll
0x00007ff9b7b50000 - 0x00007ff9b7c19000 	C:\WINDOWS\System32\KERNEL32.DLL
0x00007ff9b5f30000 - 0x00007ff9b6322000 	C:\WINDOWS\System32\KERNELBASE.dll
0x00007ff9b5be0000 - 0x00007ff9b5d2b000 	C:\WINDOWS\System32\ucrtbase.dll
0x00007ff9922f0000 - 0x00007ff99230b000 	C:\Users\Johan\.jdks\openjdk-22\bin\VCRUNTIME140.dll
0x00007ff9a60a0000 - 0x00007ff9a60b7000 	C:\Users\Johan\.jdks\openjdk-22\bin\jli.dll
0x00007ff9b7f80000 - 0x00007ff9b8145000 	C:\WINDOWS\System32\USER32.dll
0x00007ff9b56f0000 - 0x00007ff9b5717000 	C:\WINDOWS\System32\win32u.dll
0x00007ff99b740000 - 0x00007ff99b9d3000 	C:\WINDOWS\WinSxS\amd64_microsoft.windows.common-controls_6595b64144ccf1df_6.0.26100.6899_none_3e0efeeae32e88c1\COMCTL32.dll
0x00007ff9b75f0000 - 0x00007ff9b761b000 	C:\WINDOWS\System32\GDI32.dll
0x00007ff9b7ec0000 - 0x00007ff9b7f69000 	C:\WINDOWS\System32\msvcrt.dll
0x00007ff9b5720000 - 0x00007ff9b584d000 	C:\WINDOWS\System32\gdi32full.dll
0x00007ff9b5d30000 - 0x00007ff9b5dd3000 	C:\WINDOWS\System32\msvcp_win.dll
0x00007ff9b8300000 - 0x00007ff9b832f000 	C:\WINDOWS\System32\IMM32.DLL
0x00007ff9abbe0000 - 0x00007ff9abbec000 	C:\Users\Johan\.jdks\openjdk-22\bin\vcruntime140_1.dll
0x00007ff974b60000 - 0x00007ff974bee000 	C:\Users\Johan\.jdks\openjdk-22\bin\msvcp140.dll
0x00007ff8f3720000 - 0x00007ff8f4468000 	C:\Users\Johan\.jdks\openjdk-22\bin\server\jvm.dll
0x00007ff9b8460000 - 0x00007ff9b8514000 	C:\WINDOWS\System32\ADVAPI32.dll
0x00007ff9b8220000 - 0x00007ff9b82c6000 	C:\WINDOWS\System32\sechost.dll
0x00007ff9b8340000 - 0x00007ff9b8458000 	C:\WINDOWS\System32\RPCRT4.dll
0x00007ff9b6a10000 - 0x00007ff9b6a84000 	C:\WINDOWS\System32\WS2_32.dll
0x00007ff9b53b0000 - 0x00007ff9b540e000 	C:\WINDOWS\SYSTEM32\POWRPROF.dll
0x00007ff9acd30000 - 0x00007ff9acd3b000 	C:\WINDOWS\SYSTEM32\VERSION.dll
0x00007ff9a8770000 - 0x00007ff9a87a5000 	C:\WINDOWS\SYSTEM32\WINMM.dll
0x00007ff9b5390000 - 0x00007ff9b53a4000 	C:\WINDOWS\SYSTEM32\UMPDC.dll
0x00007ff9b44c0000 - 0x00007ff9b44db000 	C:\WINDOWS\SYSTEM32\kernel.appcore.dll
0x00007ff9aba00000 - 0x00007ff9aba0a000 	C:\Users\Johan\.jdks\openjdk-22\bin\jimage.dll
0x00007ff9b2d90000 - 0x00007ff9b2fd2000 	C:\WINDOWS\SYSTEM32\DBGHELP.DLL
0x00007ff9b77c0000 - 0x00007ff9b7b3b000 	C:\WINDOWS\System32\combase.dll
0x00007ff9b6490000 - 0x00007ff9b6567000 	C:\WINDOWS\System32\OLEAUT32.dll
0x00007ff9989d0000 - 0x00007ff998a0c000 	C:\WINDOWS\SYSTEM32\dbgcore.DLL
0x00007ff9b5850000 - 0x00007ff9b58e8000 	C:\WINDOWS\System32\bcryptPrimitives.dll
0x00007ff9ab2b0000 - 0x00007ff9ab2bf000 	C:\Users\Johan\.jdks\openjdk-22\bin\instrument.dll
0x00007ff991a00000 - 0x00007ff991a1e000 	C:\Users\Johan\.jdks\openjdk-22\bin\java.dll
0x00007ff9b6b20000 - 0x00007ff9b726d000 	C:\WINDOWS\System32\SHELL32.dll
0x00007ff9b5a70000 - 0x00007ff9b5bdb000 	C:\WINDOWS\System32\wintypes.dll
0x00007ff9b7620000 - 0x00007ff9b77b8000 	C:\WINDOWS\System32\ole32.dll
0x00007ff9b3330000 - 0x00007ff9b3b8d000 	C:\WINDOWS\SYSTEM32\windows.storage.dll
0x00007ff9b7d50000 - 0x00007ff9b7e42000 	C:\WINDOWS\System32\SHCORE.dll
0x00007ff9b7e50000 - 0x00007ff9b7eb2000 	C:\WINDOWS\System32\shlwapi.dll
0x00007ff9b5610000 - 0x00007ff9b5639000 	C:\WINDOWS\SYSTEM32\profapi.dll
0x00007ff956120000 - 0x00007ff9561f7000 	C:\Users\Johan\.jdks\openjdk-22\bin\jsvml.dll
0x00007ff9916e0000 - 0x00007ff9916f7000 	C:\Users\Johan\.jdks\openjdk-22\bin\zip.dll
0x00007ff9ab260000 - 0x00007ff9ab270000 	C:\Users\Johan\.jdks\openjdk-22\bin\net.dll
0x00007ff9b4a30000 - 0x00007ff9b4a9b000 	C:\WINDOWS\system32\mswsock.dll
0x00007ff991700000 - 0x00007ff991716000 	C:\Users\Johan\.jdks\openjdk-22\bin\nio.dll
0x00007ff9a58c0000 - 0x00007ff9a58c9000 	C:\Users\Johan\.jdks\openjdk-22\bin\extnet.dll
0x00007ff991a80000 - 0x00007ff991a8b000 	C:\Users\Johan\.jdks\openjdk-22\bin\le.dll
0x00007ff9945f0000 - 0x00007ff9945fe000 	C:\Users\Johan\.jdks\openjdk-22\bin\sunmscapi.dll
0x00007ff9b58f0000 - 0x00007ff9b5a67000 	C:\WINDOWS\System32\CRYPT32.dll
0x00007ff9b4ef0000 - 0x00007ff9b4f20000 	C:\WINDOWS\SYSTEM32\ncrypt.dll
0x00007ff9b4ea0000 - 0x00007ff9b4edf000 	C:\WINDOWS\SYSTEM32\NTASN1.dll

dbghelp: loaded successfully - version: 4.0.5 - missing functions: none
symbol engine: initialized successfully - sym options: 0x614 - pdb path: .;C:\Users\Johan\.jdks\openjdk-22\bin;C:\WINDOWS\SYSTEM32;C:\WINDOWS\WinSxS\amd64_microsoft.windows.common-controls_6595b64144ccf1df_6.0.26100.6899_none_3e0efeeae32e88c1;C:\Users\Johan\.jdks\openjdk-22\bin\server

VM Arguments:
jvm_args: -javaagent:C:\Program Files\JetBrains\IntelliJ IDEA Community Edition 2025.2.3\lib\idea_rt.jar=58807 -Dfile.encoding=UTF-8 -Dsun.stdout.encoding=UTF-8 -Dsun.stderr.encoding=UTF-8 
java_command: com.donetype.springcrud_backend.SpringcrudBackendApplication
java_class_path (initial): C:\Users\Johan\Downloads\springcrud-backend\springcrud-backend\target\classes;C:\Users\Johan\.m2\repository\org\springframework\boot\spring-boot-starter-data-jpa\3.5.7\spring-boot-starter-data-jpa-3.5.7.jar;C:\Users\Johan\.m2\repository\org\springframework\boot\spring-boot-starter\3.5.7\spring-boot-starter-3.5.7.jar;C:\Users\Johan\.m2\repository\org\springframework\boot\spring-boot\3.5.7\spring-boot-3.5.7.jar;C:\Users\Johan\.m2\repository\org\springframework\boot\spring-boot-autoconfigure\3.5.7\spring-boot-autoconfigure-3.5.7.jar;C:\Users\Johan\.m2\repository\org\springframework\boot\spring-boot-starter-logging\3.5.7\spring-boot-starter-logging-3.5.7.jar;C:\Users\Johan\.m2\repository\ch\qos\logback\logback-classic\1.5.20\logback-classic-1.5.20.jar;C:\Users\Johan\.m2\repository\ch\qos\logback\logback-core\1.5.20\logback-core-1.5.20.jar;C:\Users\Johan\.m2\repository\org\apache\logging\log4j\log4j-to-slf4j\2.24.3\log4j-to-slf4j-2.24.3.jar;C:\Users\Johan\.m2\repository\org\apache\logging\log4j\log4j-api\2.24.3\log4j-api-2.24.3.jar;C:\Users\Johan\.m2\repository\org\slf4j\jul-to-slf4j\2.0.17\jul-to-slf4j-2.0.17.jar;C:\Users\Johan\.m2\repository\jakarta\annotation\jakarta.annotation-api\2.1.1\jakarta.annotation-api-2.1.1.jar;C:\Users\Johan\.m2\repository\org\yaml\snakeyaml\2.4\snakeyaml-2.4.jar;C:\Users\Johan\.m2\repository\org\springframework\boot\spring-boot-starter-jdbc\3.5.7\spring-boot-starter-jdbc-3.5.7.jar;C:\Users\Johan\.m2\repository\com\zaxxer\HikariCP\6.3.3\HikariCP-6.3.3.jar;C:\Users\Johan\.m2\repository\org\springframework\spring-jdbc\6.2.12\spring-jdbc-6.2.12.jar;C:\Users\Johan\.m2\repository\org\hibernate\orm\hibernate-core\6.6.33.Final\hibernate-core-6.6.33.Final.jar;C:\Users\Johan\.m2\repository\jakarta\persistence\jakarta.persistence-api\3.1.0\jakarta.persistence-api-3.1.0.jar;C:\Users\Johan\.m2\repository\jakarta\transaction\jakarta.transaction-api\2.0.1\jakarta.transaction-api-2.0.1.jar;C:\Users\Johan\.m2\repository\org\jboss\logging\jboss-logging\3.6.1.Final\jboss-logging-3.6.1.Final.jar;C:\Users\Johan\.m2\repository\org\hibernate\common\hibernate-commons-annotations\7.0.3.Final\hibernate-commons-annotations-7.0.3.Final.jar;C:\Users\Johan\.m2\repository\io\smallrye\jandex\3.2.0\jandex-3.2.0.jar;C:\Users\Johan\.m2\repository\com\fasterxml\classmate\1.7.1\classmate-1.7.1.jar;C:\Users\Johan\.m2\repository\net\bytebuddy\byte-buddy\1.17.8\byte-buddy-1.17.8.jar;C:\Users\Johan\.m2\repository\org\glassfish\jaxb\jaxb-runtime\4.0.6\jaxb-runtime-4.0.6.jar;C:\Users\Johan\.m2\repository\org\glassfish\jaxb\jaxb-core\4.0.6\jaxb-core-4.0.6.jar;C:\Users\Johan\.m2\repository\org\eclipse\angus\angus-activation\2.0.3\angus-activation-2.0.3.jar;C:\Users\Johan\.m2\repository\org\glassfish\jaxb\txw2\4.0.6\txw2-4.0.6.jar;C:\Users\Johan\.m2\repository\com\sun\istack\istack-commons-runtime\4.1.2\istack-commons-runtime-4.1.2.jar;C:\Users\Johan\.m2\repository\jakarta\inject\jakarta.inject-api\2.0.1\jakarta.inject-api-2.0.1.jar;C:\Users\Johan\.m2\repository\org\antlr\antlr4-runtime\4.13.0\antlr4-runtime-4.13.0.jar;C:\Users\Johan\.m2\repository\org\springframework\data\spring-data-jpa\3.5.5\spring-data-jpa-3.5.5.jar;C:\Users\Johan\.m2\repository\org\springframework\data\spring-data-commons\3.5.5\spring-data-commons-3.5.5.jar;C:\Users\Johan\.m2\repository\org\springframework\spring-orm\6.2.12\spring-orm-6.2.12.jar;C:\Users\Johan\.m2\repository\org\springframework\spring-context\6.2.12\spring-context-6.2.12.jar;C:\Users\Johan\.m2\repository\org\springframework\spring-aop\6.2.12\spring-aop-6.2.12.jar;C:\Users\Johan\.m2\repository\org\springframework\spring-tx\6.2.12\spring-tx-6.2.12.jar;C:\Users\Johan\.m2\repository\org\springframework\spring-beans\6.2.12\spring-beans-6.2.12.jar;C:\Users\Johan\.m2\repository\org\slf4j\slf4j-api\2.0.17\slf4j-api-2.0.17.jar;C:\Users\Johan\.m2\repository\org\springframework\spring-aspects\6.2.12\spring-aspects-6.2.12.jar;C:\Users\Johan\.m2\repository\org\aspectj\aspectjweaver\1.9.24\aspectjweaver-1.9.24.jar;C:\Users\Johan\.m2\repository\org\springframework\boot\spring-boot-starter-web\3.5.7\spring-boot-starter-web-3.5.7.jar;C:\Users\Johan\.m2\repository\org\springframework\boot\spring-boot-starter-json\3.5.7\spring-boot-starter-json-3.5.7.jar;C:\Users\Johan\.m2\repository\com\fasterxml\jackson\core\jackson-databind\2.19.2\jackson-databind-2.19.2.jar;C:\Users\Johan\.m2\repository\com\fasterxml\jackson\core\jackson-annotations\2.19.2\jackson-annotations-2.19.2.jar;C:\Users\Johan\.m2\repository\com\fasterxml\jackson\core\jackson-core\2.19.2\jackson-core-2.19.2.jar;C:\Users\Johan\.m2\repository\com\fasterxml\jackson\datatype\jackson-datatype-jdk8\2.19.2\jackson-datatype-jdk8-2.19.2.jar;C:\Users\Johan\.m2\repository\com\fasterxml\jackson\datatype\jackson-datatype-jsr310\2.19.2\jackson-datatype-jsr310-2.19.2.jar;C:\Users\Johan\.m2\repository\com\fasterxml\jackson\module\jackson-module-parameter-names\2.19.2\jackson-module-parameter-names-2.19.2.jar;C:\Users\Johan\.m2\repository\org\springframework\boot\spring-boot-starter-tomcat\3.5.7\spring-boot-starter-tomcat-3.5.7.jar;C:\Users\Johan\.m2\repository\org\apache\tomcat\embed\tomcat-embed-core\10.1.48\tomcat-embed-core-10.1.48.jar;C:\Users\Johan\.m2\repository\org\apache\tomcat\embed\tomcat-embed-el\10.1.48\tomcat-embed-el-10.1.48.jar;C:\Users\Johan\.m2\repository\org\apache\tomcat\embed\tomcat-embed-websocket\10.1.48\tomcat-embed-websocket-10.1.48.jar;C:\Users\Johan\.m2\repository\org\springframework\spring-web\6.2.12\spring-web-6.2.12.jar;C:\Users\Johan\.m2\repository\io\micrometer\micrometer-observation\1.15.5\micrometer-observation-1.15.5.jar;C:\Users\Johan\.m2\repository\io\micrometer\micrometer-commons\1.15.5\micrometer-commons-1.15.5.jar;C:\Users\Johan\.m2\repository\org\springframework\spring-webmvc\6.2.12\spring-webmvc-6.2.12.jar;C:\Users\Johan\.m2\repository\org\springframework\spring-expression\6.2.12\spring-expression-6.2.12.jar;C:\Users\Johan\.m2\repository\com\mysql\mysql-connector-j\9.4.0\mysql-connector-j-9.4.0.jar;C:\Users\Johan\.m2\repository\jakarta\xml\bind\jakarta.xml.bind-api\4.0.4\jakarta.xml.bind-api-4.0.4.jar;C:\Users\Johan\.m2\repository\jakarta\activation\jakarta.activation-api\2.1.4\jakarta.activation-api-2.1.4.jar;C:\Users\Johan\.m2\repository\org\springframework\spring-core\6.2.12\spring-core-6.2.12.jar;C:\Users\Johan\.m2\repository\org\springframework\spring-jcl\6.2.12\spring-jcl-6.2.12.jar
Launcher Type: SUN_STANDARD

[Global flags]
     intx CICompilerCount                          = 12                                        {product} {ergonomic}
     uint ConcGCThreads                            = 3                                         {product} {ergonomic}
     uint G1ConcRefinementThreads                  = 13                                        {product} {ergonomic}
   size_t G1HeapRegionSize                         = 2097152                                   {product} {ergonomic}
   size_t InitialHeapSize                          = 264241152                                 {product} {ergonomic}
   size_t MarkStackSize                            = 4194304                                   {product} {ergonomic}
   size_t MaxHeapSize                              = 4219469824                                {product} {ergonomic}
   size_t MaxNewSize                               = 2531262464                                {product} {ergonomic}
   size_t MinHeapDeltaBytes                        = 2097152                                   {product} {ergonomic}
   size_t MinHeapSize                              = 8388608                                   {product} {ergonomic}
    uintx NonNMethodCodeHeapSize                   = 7602480                                {pd product} {ergonomic}
    uintx NonProfiledCodeHeapSize                  = 122027880                              {pd product} {ergonomic}
    uintx ProfiledCodeHeapSize                     = 122027880                              {pd product} {ergonomic}
    uintx ReservedCodeCacheSize                    = 251658240                              {pd product} {ergonomic}
     bool SegmentedCodeCache                       = true                                      {product} {ergonomic}
   size_t SoftMaxHeapSize                          = 4219469824                             {manageable} {ergonomic}
     bool UseCompressedOops                        = true                           {product lp64_product} {ergonomic}
     bool UseG1GC                                  = true                                      {product} {ergonomic}
     bool UseLargePagesIndividualAllocation        = false                                  {pd product} {ergonomic}

Logging:
Log output configuration:
 #0: stdout all=warning uptime,level,tags foldmultilines=false
 #1: stderr all=off uptime,level,tags foldmultilines=false

Environment Variables:
PATH=C:\Users\Johan\AppData\Roaming\npm;C:\Program Files\Common Files\Oracle\Java\javapath;C:\Windows\system32;C:\Windows;C:\Windows\System32\Wbem;C:\Windows\System32\WindowsPowerShell\v1.0\;C:\Windows\System32\OpenSSH\;C:\Program Files (x86)\NVIDIA Corporation\PhysX\Common;C:\Program Files\NVIDIA Corporation\NVIDIA NvDLISR;C:\WINDOWS\system32;C:\WINDOWS;C:\WINDOWS\System32\Wbem;C:\WINDOWS\System32\WindowsPowerShell\v1.0\;C:\WINDOWS\System32\OpenSSH\;C:\mingw64\bin;C:\TDM-GCC-64\bin;C:\Program Files\nodejs\;C:\WinGet\Packages\Genymobile.scrcpy_Microsoft.Winget.Source_8wekyb3d8bbwe\scrcpy-win64-v2.3.1;C:\New folder\bin;C:\Program Files\Microsoft SQL Server\150\Tools\Binn\;C:\Program Files\Microsoft SQL Server\Client SDK\ODBC\170\Tools\Binn\;C:\Program Files (x86)\Microsoft SQL Server\160\Tools\Binn\;C:\Program Files\Microsoft SQL Server\160\Tools\Binn\;C:\Program Files\Microsoft SQL Server\160\DTS\Binn\;C:\Program Files\Git\cmd;C:\Users\Johan\.console-ninja\.bin;C:\Program Files\Microsoft MPI\Bin\;C:\Program Files\Common Files\Oracle\Java\javapath;C:\Windows\system32;C:\Windows;C:\Windows\System32\Wbem;C:\Windows\System32\WindowsPowerShell\v1.0\;C:\Windows\System32\OpenSSH\;C:\Program Files (x86)\NVIDIA Corporation\PhysX\Common;C:\Program Files\NVIDIA Corporation\NVIDIA NvDLISR;C:\WINDOWS\system32;C:\WINDOWS;C:\WINDOWS\System32\Wbem;C:\WINDOWS\System32\WindowsPowerShell\v1.0\;C:\WINDOWS\System32\OpenSSH\;C:\mingw64\bin;C:\TDM-GCC-64\bin;C:\Program Files\nodejs\;C:\WinGet\Packages\Genymobile.scrcpy_Microsoft.Winget.Source_8wekyb3d8bbwe\scrcpy-win64-v2.3.1;C:\New folder\bin;C:\Program Files\Microsoft SQL Server\150\Tools\Binn\;C:\Program Files\Microsoft SQL Server\Client SDK\ODBC\170\Tools\Binn\;C:\Program Files (x86)\Microsoft SQL Server\160\Tools\Binn\;C:\Program Files\Microsoft SQL Server\160\Tools\Binn\;C:\Program Files\Microsoft SQL Server\160\DTS\Binn\;C:\Program Files\Git\cmd;C:\Program Files\MySQL\MySQL Shell 8.0\bin\;C:\flutter\bin;C:\Users\Johan\AppData\Roaming\npm\node_modules;C:\Users\Johan\AppData\Roaming\npm;C:\Users\Johan\AppData\Local\Programs\Microsoft VS Code\bin;C:\apache-maven-3.9.11-bin\apache-maven-3.9.11\bin
USERNAME=Johan
OS=Windows_NT
PROCESSOR_IDENTIFIER=Intel64 Family 6 Model 154 Stepping 3, GenuineIntel
TMP=C:\Users\Johan\AppData\Local\Temp
TEMP=C:\Users\Johan\AppData\Local\Temp




Periodic native trim disabled

---------------  S Y S T E M  ---------------

OS:
 Windows 11 , 64 bit Build 26100 (10.0.26100.6725)
OS uptime: 1 days 23:51 hours
Hyper-V role detected

CPU: total 16 (initial active 16) (8 cores per cpu, 2 threads per core) family 6 model 154 stepping 3 microcode 0x41b, cx8, cmov, fxsr, ht, mmx, 3dnowpref, sse, sse2, sse3, ssse3, sse4.1, sse4.2, popcnt, lzcnt, tsc, tscinvbit, avx, avx2, aes, erms, clmul, bmi1, bmi2, adx, sha, fma, vzeroupper, clflush, clflushopt, clwb, hv, serialize, rdtscp, rdpid, fsrm, f16c, cet_ibt, cet_ss
Processor Information for processor 0
  Max Mhz: 3100, Current Mhz: 3100, Mhz Limit: 3100
Processor Information for processor 1
  Max Mhz: 3100, Current Mhz: 3100, Mhz Limit: 3100
Processor Information for processor 2
  Max Mhz: 3100, Current Mhz: 3100, Mhz Limit: 3100
Processor Information for processor 3
  Max Mhz: 3100, Current Mhz: 3100, Mhz Limit: 3100
Processor Information for processor 4
  Max Mhz: 3100, Current Mhz: 3100, Mhz Limit: 3100
Processor Information for processor 5
  Max Mhz: 3100, Current Mhz: 3100, Mhz Limit: 3100
Processor Information for processor 6
  Max Mhz: 3100, Current Mhz: 3100, Mhz Limit: 3100
Processor Information for processor 7
  Max Mhz: 3100, Current Mhz: 3100, Mhz Limit: 3100
Processor Information for processor 8
  Max Mhz: 3100, Current Mhz: 1488, Mhz Limit: 2232
Processor Information for processor 9
  Max Mhz: 3100, Current Mhz: 1488, Mhz Limit: 2232
Processor Information for processor 10
  Max Mhz: 3100, Current Mhz: 1488, Mhz Limit: 2232
Processor Information for processor 11
  Max Mhz: 3100, Current Mhz: 1488, Mhz Limit: 2232
Processor Information for processor 12
  Max Mhz: 3100, Current Mhz: 1488, Mhz Limit: 2232
Processor Information for processor 13
  Max Mhz: 3100, Current Mhz: 2232, Mhz Limit: 2232
Processor Information for processor 14
  Max Mhz: 3100, Current Mhz: 2232, Mhz Limit: 2232
Processor Information for processor 15
  Max Mhz: 3100, Current Mhz: 2232, Mhz Limit: 2232

Memory: 4k page, system-wide physical 16088M (3896M free)
TotalPageFile size 20184M (AvailPageFile size 8M)
current process WorkingSet (physical memory assigned to process): 165M, peak: 165M
current process commit charge ("private bytes"): 424M, peak: 426M

vm_info: OpenJDK 64-Bit Server VM (22+36-2370) for windows-amd64 JRE (22+36-2370), built on 2024-02-15T22:15:19Z by "mach5one" with MS VC++ 17.6 (VS2022)

END.
